android/app/build/intermediates/manifest_merge_blame_file/debug/manifest-merger-blame-debug-report.txt
1<?xml version="1.0" encoding="utf-8"?>
2<manifest xmlns:android="http://schemas.android.com/apk/res/android"
3    package="com.vconnect"
4    android:versionCode="1"
5    android:versionName="1.0" >
6
7    <uses-sdk
8        android:minSdkVersion="21"
9        android:targetSdkVersion="31" />
10
11    <uses-permission android:name="android.permission.SYSTEM_ALERT_WINDOW" />
11-->src\debug\AndroidManifest.xml:5:5-77
11-->src\debug\AndroidManifest.xml:5:22-75
12    <uses-permission android:name="android.permission.INTERNET" />
12-->src\main\AndroidManifest.xml:4:5-67
12-->src\main\AndroidManifest.xml:4:22-64
13    <uses-permission android:name="android.permission.ACCESS_WIFI_STATE" />
13-->[com.facebook.flipper:flipper:0.125.0] AndroidManifest.xml:16:5-76
13-->[com.facebook.flipper:flipper:0.125.0] AndroidManifest.xml:16:22-73
14
15    <queries>
15-->[:react-native-image-crop-picker] AndroidManifest.xml:9:5-13:15
16        <intent>
16-->[:react-native-image-crop-picker] AndroidManifest.xml:10:9-12:18
17            <action android:name="android.media.action.IMAGE_CAPTURE" />
17-->[:react-native-image-crop-picker] AndroidManifest.xml:11:13-73
17-->[:react-native-image-crop-picker] AndroidManifest.xml:11:21-70
18        </intent>
19    </queries>
20
21    <uses-permission android:name="android.permission.WRITE_EXTERNAL_STORAGE" />
21-->[:react-native-image-crop-picker] AndroidManifest.xml:15:5-81
21-->[:react-native-image-crop-picker] AndroidManifest.xml:15:22-78
22
23    <application
23-->src\main\AndroidManifest.xml:6:5-25:19
24        android:name="com.vconnect.MainApplication"
24-->src\main\AndroidManifest.xml:7:7-38
25        android:allowBackup="false"
25-->src\main\AndroidManifest.xml:11:7-34
26        android:appComponentFactory="androidx.core.app.CoreComponentFactory"
26-->[androidx.core:core:1.6.0] AndroidManifest.xml:24:18-86
27        android:debuggable="true"
28        android:icon="@mipmap/ic_launcher"
28-->src\main\AndroidManifest.xml:9:7-41
29        android:label="@string/app_name"
29-->src\main\AndroidManifest.xml:8:7-39
30        android:roundIcon="@mipmap/ic_launcher_round"
30-->src\main\AndroidManifest.xml:10:7-52
31        android:theme="@style/AppTheme"
31-->src\main\AndroidManifest.xml:12:7-38
32        android:usesCleartextTraffic="true" >
32-->src\debug\AndroidManifest.xml:8:9-44
33        <activity
33-->src\debug\AndroidManifest.xml:11:9-111
34            android:name="com.facebook.react.devsupport.DevSettingsActivity"
34-->src\debug\AndroidManifest.xml:11:19-83
35            android:exported="false" />
35-->src\debug\AndroidManifest.xml:11:84-108
36        <activity
36-->src\main\AndroidManifest.xml:13:7-24:18
37            android:name="com.vconnect.MainActivity"
37-->src\main\AndroidManifest.xml:14:9-37
38            android:configChanges="keyboard|keyboardHidden|orientation|screenLayout|screenSize|smallestScreenSize|uiMode"
38-->src\main\AndroidManifest.xml:16:9-118
39            android:exported="true"
39-->src\main\AndroidManifest.xml:19:9-32
40            android:label="@string/app_name"
40-->src\main\AndroidManifest.xml:15:9-41
41            android:launchMode="singleTask"
41-->src\main\AndroidManifest.xml:17:9-40
42            android:windowSoftInputMode="adjustResize" >
42-->src\main\AndroidManifest.xml:18:9-51
43            <intent-filter>
43-->src\main\AndroidManifest.xml:20:9-23:25
44                <action android:name="android.intent.action.MAIN" />
44-->src\main\AndroidManifest.xml:21:13-65
44-->src\main\AndroidManifest.xml:21:21-62
45
46                <category android:name="android.intent.category.LAUNCHER" />
46-->src\main\AndroidManifest.xml:22:13-73
46-->src\main\AndroidManifest.xml:22:23-70
47            </intent-filter>
48        </activity>
49
50        <provider
50-->[:react-native-image-crop-picker] AndroidManifest.xml:18:9-26:20
51            android:name="androidx.core.content.FileProvider"
51-->[:react-native-image-crop-picker] AndroidManifest.xml:19:13-62
52            android:authorities="com.vconnect.provider"
52-->[:react-native-image-crop-picker] AndroidManifest.xml:20:13-60
53            android:exported="false"
53-->[:react-native-image-crop-picker] AndroidManifest.xml:21:13-37
54            android:grantUriPermissions="true" >
54-->[:react-native-image-crop-picker] AndroidManifest.xml:22:13-47
55            <meta-data
55-->[:react-native-image-crop-picker] AndroidManifest.xml:23:13-25:58
56                android:name="android.support.FILE_PROVIDER_PATHS"
56-->[:react-native-image-crop-picker] AndroidManifest.xml:24:17-67
57                android:resource="@xml/provider_paths" />
57-->[:react-native-image-crop-picker] AndroidManifest.xml:25:17-55
58        </provider>
59
60        <activity
60-->[:react-native-image-crop-picker] AndroidManifest.xml:28:9-30:72
61            android:name="com.yalantis.ucrop.UCropActivity"
61-->[:react-native-image-crop-picker] AndroidManifest.xml:29:13-60
62            android:theme="@style/Theme.AppCompat.Light.NoActionBar" />
62-->[:react-native-image-crop-picker] AndroidManifest.xml:30:13-69
63
64        <provider
64-->[:react-native-image-picker] AndroidManifest.xml:10:9-18:20
65            android:name="com.imagepicker.ImagePickerProvider"
65-->[:react-native-image-picker] AndroidManifest.xml:11:13-63
66            android:authorities="com.vconnect.imagepickerprovider"
66-->[:react-native-image-picker] AndroidManifest.xml:12:13-71
67            android:exported="false"
67-->[:react-native-image-picker] AndroidManifest.xml:13:13-37
68            android:grantUriPermissions="true" >
68-->[:react-native-image-picker] AndroidManifest.xml:14:13-47
69            <meta-data
69-->[:react-native-image-crop-picker] AndroidManifest.xml:23:13-25:58
70                android:name="android.support.FILE_PROVIDER_PATHS"
70-->[:react-native-image-crop-picker] AndroidManifest.xml:24:17-67
71                android:resource="@xml/imagepicker_provider_paths" />
71-->[:react-native-image-crop-picker] AndroidManifest.xml:25:17-55
72        </provider>
73    </application>
74
75</manifest>